2025-05-06 14:16:29,139 - __main__ - INFO - Successfully connected to Reddit API
2025-05-06 14:16:29,139 - __main__ - INFO - Using search parameters: query='climate change', time_filter='week', limit=50, comment_limit=25
2025-05-06 14:16:29,139 - __main__ - INFO - Starting to scrape 10 subreddits: climatechange, climate, ClimateActionPlan, environment, science, worldnews, news, collapse, sustainability, renewable
2025-05-06 14:16:29,140 - __main__ - INFO - Scraping r/climatechange for posts about 'climate change'...
2025-05-06 14:16:43,370 - __main__ - INFO - Successfully scraped 10 posts and 87 comments from r/climatechange
2025-05-06 14:16:43,377 - __main__ - INFO - Sleeping for 2.49 seconds before next subreddit
2025-05-06 14:16:45,873 - __main__ - INFO - Scraping r/climate for posts about 'climate change'...
2025-05-06 14:17:43,218 - __main__ - INFO - Successfully scraped 45 posts and 138 comments from r/climate
2025-05-06 14:17:43,224 - __main__ - INFO - Sleeping for 4.99 seconds before next subreddit
2025-05-06 14:17:48,217 - __main__ - INFO - Scraping r/ClimateActionPlan for posts about 'climate change'...
2025-05-06 14:17:52,658 - __main__ - INFO - Successfully scraped 3 posts and 1 comments from r/ClimateActionPlan
2025-05-06 14:17:52,660 - __main__ - INFO - Sleeping for 4.02 seconds before next subreddit
2025-05-06 14:17:56,685 - __main__ - INFO - Scraping r/environment for posts about 'climate change'...
2025-05-06 14:18:10,831 - __main__ - INFO - Successfully scraped 11 posts and 39 comments from r/environment
2025-05-06 14:18:10,833 - __main__ - INFO - Sleeping for 3.06 seconds before next subreddit
2025-05-06 14:18:13,890 - __main__ - INFO - Scraping r/science for posts about 'climate change'...
2025-05-06 14:18:18,785 - __main__ - INFO - Successfully scraped 3 posts and 14 comments from r/science
2025-05-06 14:18:18,789 - __main__ - INFO - Sleeping for 3.43 seconds before next subreddit
2025-05-06 14:18:22,223 - __main__ - INFO - Scraping r/worldnews for posts about 'climate change'...
2025-05-06 14:18:23,605 - __main__ - INFO - Successfully scraped 1 posts and 25 comments from r/worldnews
2025-05-06 14:18:23,606 - __main__ - INFO - Sleeping for 4.08 seconds before next subreddit
2025-05-06 14:18:27,692 - __main__ - INFO - Scraping r/news for posts about 'climate change'...
2025-05-06 14:18:27,890 - __main__ - INFO - Successfully scraped 0 posts and 0 comments from r/news
2025-05-06 14:18:27,891 - __main__ - INFO - Sleeping for 4.75 seconds before next subreddit
2025-05-06 14:18:32,641 - __main__ - INFO - Scraping r/collapse for posts about 'climate change'...
2025-05-06 14:18:47,014 - __main__ - INFO - Successfully scraped 9 posts and 181 comments from r/collapse
2025-05-06 14:18:47,018 - __main__ - INFO - Sleeping for 4.63 seconds before next subreddit
2025-05-06 14:18:51,648 - __main__ - INFO - Scraping r/sustainability for posts about 'climate change'...
2025-05-06 14:18:55,365 - __main__ - INFO - Successfully scraped 3 posts and 7 comments from r/sustainability
2025-05-06 14:18:55,367 - __main__ - INFO - Sleeping for 4.78 seconds before next subreddit
2025-05-06 14:19:00,147 - __main__ - INFO - Scraping r/renewable for posts about 'climate change'...
2025-05-06 14:19:00,354 - __main__ - INFO - Successfully scraped 0 posts and 0 comments from r/renewable
2025-05-06 14:19:00,354 - __main__ - INFO - Sleeping for 2.07 seconds before next subreddit
2025-05-06 14:19:02,438 - __main__ - INFO - Data cleaning completed
2025-05-06 14:19:02,451 - __main__ - INFO - Saved 85 posts to data/raw/reddit_posts_20250506_141902.csv
2025-05-06 14:19:02,451 - __main__ - INFO - Saved 492 comments to data/raw/reddit_comments_20250506_141902.csv
2025-05-06 14:19:02,451 - __main__ - INFO - Saved metadata to data/raw/metadata_20250506_141902.json
2025-05-06 14:19:02,451 - __main__ - INFO - Scraping complete. Collected 85 posts and 492 comments.
2025-05-06 14:19:02,451 - __main__ - INFO - Files saved to:
  Posts: data/raw/reddit_posts_20250506_141902.csv
  Comments: data/raw/reddit_comments_20250506_141902.csv
  Metadata: data/raw/metadata_20250506_141902.json
