2025-05-06 17:51:22,065 - dotenv.main - WARNING - python-dotenv could not parse statement starting at line 15
2025-05-06 17:51:22,065 - dotenv.main - WARNING - python-dotenv could not parse statement starting at line 16
2025-05-06 17:51:22,065 - dotenv.main - WARNING - python-dotenv could not parse statement starting at line 17
2025-05-06 17:51:22,065 - dotenv.main - WARNING - python-dotenv could not parse statement starting at line 18
2025-05-06 17:51:22,065 - dotenv.main - WARNING - python-dotenv could not parse statement starting at line 19
2025-05-06 17:51:22,065 - dotenv.main - WARNING - python-dotenv could not parse statement starting at line 20
2025-05-06 17:51:22,065 - dotenv.main - WARNING - python-dotenv could not parse statement starting at line 21
2025-05-06 17:51:22,065 - dotenv.main - WARNING - python-dotenv could not parse statement starting at line 22
2025-05-06 17:51:22,065 - dotenv.main - WARNING - python-dotenv could not parse statement starting at line 23
2025-05-06 17:51:22,065 - dotenv.main - WARNING - python-dotenv could not parse statement starting at line 24
2025-05-06 17:51:22,065 - dotenv.main - WARNING - python-dotenv could not parse statement starting at line 25
2025-05-06 17:51:22,065 - dotenv.main - WARNING - python-dotenv could not parse statement starting at line 26
2025-05-06 17:51:22,065 - dotenv.main - WARNING - python-dotenv could not parse statement starting at line 27
2025-05-06 17:51:22,065 - dotenv.main - WARNING - python-dotenv could not parse statement starting at line 28
2025-05-06 17:51:22,065 - dotenv.main - WARNING - python-dotenv could not parse statement starting at line 29
2025-05-06 17:51:22,065 - dotenv.main - WARNING - python-dotenv could not parse statement starting at line 30
2025-05-06 17:51:22,065 - dotenv.main - WARNING - python-dotenv could not parse statement starting at line 31
2025-05-06 17:51:22,065 - dotenv.main - WARNING - python-dotenv could not parse statement starting at line 32
2025-05-06 17:51:22,065 - dotenv.main - WARNING - python-dotenv could not parse statement starting at line 33
2025-05-06 17:51:22,147 - __main__ - INFO - Connected to Reddit API
2025-05-06 17:51:22,149 - __main__ - INFO - Scraping r/climatechange for query: climate change
2025-05-06 17:51:43,625 - __main__ - INFO - Scraping r/climate for query: climate change
2025-05-06 17:52:44,034 - __main__ - INFO - Scraping r/ClimateActionPlan for query: climate change
2025-05-06 17:52:53,712 - __main__ - INFO - Scraping r/environment for query: climate change
2025-05-06 17:53:11,049 - __main__ - INFO - Scraping r/science for query: climate change
2025-05-06 17:53:18,345 - __main__ - INFO - Scraping r/worldnews for query: climate change
2025-05-06 17:53:25,041 - __main__ - INFO - Scraping r/news for query: climate change
2025-05-06 17:53:27,461 - __main__ - INFO - Scraping r/collapse for query: climate change
2025-05-06 17:53:48,300 - __main__ - INFO - Scraping r/sustainability for query: climate change
2025-05-06 17:53:56,975 - __main__ - INFO - Scraping r/renewable for query: climate change
2025-05-06 17:54:01,716 - __main__ - INFO - Saved 86 posts and 309 comments
2025-05-06 17:54:01,716 - __main__ - INFO - Scraping finished in 0:02:39.650150
2025-05-06 17:59:29,438 - dotenv.main - WARNING - python-dotenv could not parse statement starting at line 15
2025-05-06 17:59:29,438 - dotenv.main - WARNING - python-dotenv could not parse statement starting at line 16
2025-05-06 17:59:29,439 - dotenv.main - WARNING - python-dotenv could not parse statement starting at line 17
2025-05-06 17:59:29,439 - dotenv.main - WARNING - python-dotenv could not parse statement starting at line 18
2025-05-06 17:59:29,439 - dotenv.main - WARNING - python-dotenv could not parse statement starting at line 19
2025-05-06 17:59:29,439 - dotenv.main - WARNING - python-dotenv could not parse statement starting at line 20
2025-05-06 17:59:29,439 - dotenv.main - WARNING - python-dotenv could not parse statement starting at line 21
2025-05-06 17:59:29,439 - dotenv.main - WARNING - python-dotenv could not parse statement starting at line 22
2025-05-06 17:59:29,439 - dotenv.main - WARNING - python-dotenv could not parse statement starting at line 23
2025-05-06 17:59:29,439 - dotenv.main - WARNING - python-dotenv could not parse statement starting at line 24
2025-05-06 17:59:29,439 - dotenv.main - WARNING - python-dotenv could not parse statement starting at line 25
2025-05-06 17:59:29,439 - dotenv.main - WARNING - python-dotenv could not parse statement starting at line 26
2025-05-06 17:59:29,439 - dotenv.main - WARNING - python-dotenv could not parse statement starting at line 27
2025-05-06 17:59:29,439 - dotenv.main - WARNING - python-dotenv could not parse statement starting at line 28
2025-05-06 17:59:29,439 - dotenv.main - WARNING - python-dotenv could not parse statement starting at line 29
2025-05-06 17:59:29,439 - dotenv.main - WARNING - python-dotenv could not parse statement starting at line 30
2025-05-06 17:59:29,439 - dotenv.main - WARNING - python-dotenv could not parse statement starting at line 31
2025-05-06 17:59:29,439 - dotenv.main - WARNING - python-dotenv could not parse statement starting at line 32
2025-05-06 17:59:29,439 - dotenv.main - WARNING - python-dotenv could not parse statement starting at line 33
2025-05-06 17:59:29,441 - __main__ - INFO - Scraping for category 'scientific' and query 'climate science'
2025-05-06 17:59:29,442 - __main__ - INFO - Connected to Reddit API
2025-05-06 17:59:29,443 - __main__ - INFO - Scraping r/climatechange for query: climate science
2025-05-06 17:59:32,114 - __main__ - INFO - Scraping r/climate for query: climate science
2025-05-06 17:59:34,673 - __main__ - INFO - Scraping r/ClimateActionPlan for query: climate science
2025-05-06 17:59:38,492 - __main__ - INFO - Scraping r/environment for query: climate science
2025-05-06 17:59:43,513 - __main__ - INFO - Scraping r/science for query: climate science
2025-05-06 17:59:46,267 - __main__ - INFO - Scraping r/worldnews for query: climate science
2025-05-06 17:59:50,515 - __main__ - INFO - Scraping r/news for query: climate science
2025-05-06 17:59:53,216 - __main__ - INFO - Scraping r/collapse for query: climate science
2025-05-06 17:59:59,137 - __main__ - INFO - Scraping r/sustainability for query: climate science
2025-05-06 18:00:03,260 - __main__ - INFO - Scraping r/renewable for query: climate science
2025-05-06 18:00:08,057 - __main__ - INFO - Saved 2 posts and 6 comments
2025-05-06 18:00:08,057 - __main__ - INFO - Scraping for category 'scientific' and query 'IPCC report'
2025-05-06 18:00:08,058 - __main__ - INFO - Connected to Reddit API
2025-05-06 18:00:08,058 - __main__ - INFO - Scraping r/climatechange for query: IPCC report
2025-05-06 18:00:10,671 - __main__ - INFO - Scraping r/climate for query: IPCC report
2025-05-06 18:00:13,636 - __main__ - INFO - Scraping r/ClimateActionPlan for query: IPCC report
2025-05-06 18:00:18,108 - __main__ - INFO - Scraping r/environment for query: IPCC report
2025-05-06 18:00:21,893 - __main__ - INFO - Scraping r/science for query: IPCC report
2025-05-06 18:00:26,792 - __main__ - INFO - Scraping r/worldnews for query: IPCC report
2025-05-06 18:00:29,932 - __main__ - INFO - Scraping r/news for query: IPCC report
2025-05-06 18:00:32,572 - __main__ - INFO - Scraping r/collapse for query: IPCC report
2025-05-06 18:00:34,900 - __main__ - INFO - Scraping r/sustainability for query: IPCC report
2025-05-06 18:00:39,188 - __main__ - INFO - Scraping r/renewable for query: IPCC report
2025-05-06 18:00:43,028 - __main__ - INFO - Saved 0 posts and 0 comments
2025-05-06 18:00:43,028 - __main__ - INFO - Scraping for category 'scientific' and query 'CO2 emissions'
2025-05-06 18:00:43,029 - __main__ - INFO - Connected to Reddit API
2025-05-06 18:00:43,029 - __main__ - INFO - Scraping r/climatechange for query: CO2 emissions
2025-05-06 18:00:48,445 - __main__ - INFO - Scraping r/climate for query: CO2 emissions
2025-05-06 18:00:52,491 - __main__ - INFO - Scraping r/ClimateActionPlan for query: CO2 emissions
2025-05-06 18:00:56,810 - __main__ - INFO - Scraping r/environment for query: CO2 emissions
2025-05-06 18:01:02,124 - __main__ - INFO - Scraping r/science for query: CO2 emissions
2025-05-06 18:01:06,340 - __main__ - INFO - Scraping r/worldnews for query: CO2 emissions
2025-05-06 18:01:09,454 - __main__ - INFO - Scraping r/news for query: CO2 emissions
2025-05-06 18:01:12,040 - __main__ - INFO - Scraping r/collapse for query: CO2 emissions
2025-05-06 18:01:15,631 - __main__ - INFO - Scraping r/sustainability for query: CO2 emissions
2025-05-06 18:01:18,121 - __main__ - INFO - Scraping r/renewable for query: CO2 emissions
2025-05-06 18:01:20,882 - __main__ - INFO - Saved 0 posts and 0 comments
2025-05-06 18:01:20,882 - __main__ - INFO - Scraping for category 'scientific' and query 'climate data'
2025-05-06 18:01:20,882 - __main__ - INFO - Connected to Reddit API
2025-05-06 18:01:20,882 - __main__ - INFO - Scraping r/climatechange for query: climate data
2025-05-06 18:01:25,968 - __main__ - INFO - Scraping r/climate for query: climate data
2025-05-06 18:01:28,812 - __main__ - INFO - Scraping r/ClimateActionPlan for query: climate data
2025-05-06 18:01:32,981 - __main__ - INFO - Scraping r/environment for query: climate data
2025-05-06 18:01:35,785 - __main__ - INFO - Scraping r/science for query: climate data
2025-05-06 18:01:40,150 - __main__ - INFO - Scraping r/worldnews for query: climate data
2025-05-06 18:01:44,036 - __main__ - INFO - Scraping r/news for query: climate data
2025-05-06 18:01:48,913 - __main__ - INFO - Scraping r/collapse for query: climate data
2025-05-06 18:01:58,993 - __main__ - INFO - Scraping r/sustainability for query: climate data
2025-05-06 18:02:03,278 - __main__ - INFO - Scraping r/renewable for query: climate data
2025-05-06 18:02:07,764 - __main__ - INFO - Saved 5 posts and 38 comments
2025-05-06 18:02:07,765 - __main__ - INFO - Scraping for category 'scientific' and query 'global temperature rise'
2025-05-06 18:02:07,765 - __main__ - INFO - Connected to Reddit API
2025-05-06 18:02:07,766 - __main__ - INFO - Scraping r/climatechange for query: global temperature rise
2025-05-06 18:02:14,691 - __main__ - INFO - Scraping r/climate for query: global temperature rise
2025-05-06 18:02:17,080 - __main__ - INFO - Scraping r/ClimateActionPlan for query: global temperature rise
2025-05-06 18:02:22,271 - __main__ - INFO - Scraping r/environment for query: global temperature rise
2025-05-06 18:02:24,774 - __main__ - INFO - Scraping r/science for query: global temperature rise
2025-05-06 18:02:28,550 - __main__ - INFO - Scraping r/worldnews for query: global temperature rise
2025-05-06 18:02:31,373 - __main__ - INFO - Scraping r/news for query: global temperature rise
2025-05-06 18:02:36,326 - __main__ - INFO - Scraping r/collapse for query: global temperature rise
2025-05-06 18:02:48,648 - __main__ - INFO - Scraping r/sustainability for query: global temperature rise
2025-05-06 18:02:50,963 - __main__ - INFO - Scraping r/renewable for query: global temperature rise
2025-05-06 18:02:54,705 - __main__ - INFO - Saved 7 posts and 77 comments
2025-05-06 18:02:54,705 - __main__ - INFO - Scraping for category 'scientific' and query 'sea level projections'
2025-05-06 18:02:54,705 - __main__ - INFO - Connected to Reddit API
2025-05-06 18:02:54,705 - __main__ - INFO - Scraping r/climatechange for query: sea level projections
2025-05-06 18:02:57,359 - __main__ - INFO - Scraping r/climate for query: sea level projections
2025-05-06 18:03:01,540 - __main__ - INFO - Scraping r/ClimateActionPlan for query: sea level projections
2025-05-06 18:03:03,830 - __main__ - INFO - Scraping r/environment for query: sea level projections
2025-05-06 18:03:08,899 - __main__ - INFO - Scraping r/science for query: sea level projections
2025-05-06 18:03:14,059 - __main__ - INFO - Scraping r/worldnews for query: sea level projections
2025-05-06 18:03:19,021 - __main__ - INFO - Scraping r/news for query: sea level projections
2025-05-06 18:03:23,738 - __main__ - INFO - Scraping r/collapse for query: sea level projections
2025-05-06 18:03:30,985 - __main__ - INFO - Scraping r/sustainability for query: sea level projections
2025-05-06 18:03:34,111 - __main__ - INFO - Scraping r/renewable for query: sea level projections
2025-05-06 18:03:38,134 - __main__ - INFO - Saved 1 posts and 5 comments
2025-05-06 18:03:38,134 - __main__ - INFO - Scraping for category 'scientific' and query 'carbon capture'
2025-05-06 18:03:38,135 - __main__ - INFO - Connected to Reddit API
2025-05-06 18:03:38,135 - __main__ - INFO - Scraping r/climatechange for query: carbon capture
2025-05-06 18:03:43,571 - __main__ - INFO - Scraping r/climate for query: carbon capture
2025-05-06 18:03:47,769 - __main__ - INFO - Scraping r/ClimateActionPlan for query: carbon capture
2025-05-06 18:03:50,320 - __main__ - INFO - Scraping r/environment for query: carbon capture
2025-05-06 18:03:52,722 - __main__ - INFO - Scraping r/science for query: carbon capture
2025-05-06 18:03:55,205 - __main__ - INFO - Scraping r/worldnews for query: carbon capture
2025-05-06 18:04:00,411 - __main__ - INFO - Scraping r/news for query: carbon capture
2025-05-06 18:04:04,186 - __main__ - INFO - Scraping r/collapse for query: carbon capture
2025-05-06 18:04:08,985 - __main__ - INFO - Scraping r/sustainability for query: carbon capture
2025-05-06 18:04:13,799 - __main__ - INFO - Scraping r/renewable for query: carbon capture
2025-05-06 18:04:18,978 - __main__ - INFO - Saved 0 posts and 0 comments
2025-05-06 18:04:18,978 - __main__ - INFO - Scraping for category 'emotional' and query 'climate anxiety'
2025-05-06 18:04:18,979 - __main__ - INFO - Connected to Reddit API
2025-05-06 18:04:18,980 - __main__ - INFO - Scraping r/climatechange for query: climate anxiety
2025-05-06 18:04:21,742 - __main__ - INFO - Scraping r/climate for query: climate anxiety
2025-05-06 18:04:26,004 - __main__ - INFO - Scraping r/ClimateActionPlan for query: climate anxiety
2025-05-06 18:04:30,966 - __main__ - INFO - Scraping r/environment for query: climate anxiety
2025-05-06 18:04:34,188 - __main__ - INFO - Scraping r/science for query: climate anxiety
2025-05-06 18:04:39,258 - __main__ - INFO - Scraping r/worldnews for query: climate anxiety
2025-05-06 18:04:44,213 - __main__ - INFO - Scraping r/news for query: climate anxiety
2025-05-06 18:04:48,272 - __main__ - INFO - Scraping r/collapse for query: climate anxiety
2025-05-06 18:04:50,792 - __main__ - INFO - Scraping r/sustainability for query: climate anxiety
2025-05-06 18:04:56,072 - __main__ - INFO - Scraping r/renewable for query: climate anxiety
2025-05-06 18:04:58,509 - __main__ - INFO - Saved 1 posts and 5 comments
2025-05-06 18:04:58,510 - __main__ - INFO - Scraping for category 'emotional' and query 'climate doom'
2025-05-06 18:04:58,510 - __main__ - INFO - Connected to Reddit API
2025-05-06 18:04:58,510 - __main__ - INFO - Scraping r/climatechange for query: climate doom
2025-05-06 18:05:02,787 - __main__ - INFO - Scraping r/climate for query: climate doom
2025-05-06 18:05:06,618 - __main__ - INFO - Scraping r/ClimateActionPlan for query: climate doom
2025-05-06 18:05:10,474 - __main__ - INFO - Scraping r/environment for query: climate doom
2025-05-06 18:05:15,509 - __main__ - INFO - Scraping r/science for query: climate doom
2025-05-06 18:05:19,281 - __main__ - INFO - Scraping r/worldnews for query: climate doom
2025-05-06 18:05:22,614 - __main__ - INFO - Scraping r/news for query: climate doom
2025-05-06 18:05:26,498 - __main__ - INFO - Scraping r/collapse for query: climate doom
2025-05-06 18:05:30,569 - __main__ - INFO - Scraping r/sustainability for query: climate doom
2025-05-06 18:05:35,120 - __main__ - INFO - Scraping r/renewable for query: climate doom
2025-05-06 18:05:39,210 - __main__ - INFO - Saved 0 posts and 0 comments
2025-05-06 18:05:39,210 - __main__ - INFO - Scraping for category 'emotional' and query 'eco grief'
2025-05-06 18:05:39,211 - __main__ - INFO - Connected to Reddit API
2025-05-06 18:05:39,212 - __main__ - INFO - Scraping r/climatechange for query: eco grief
2025-05-06 18:05:42,499 - __main__ - INFO - Scraping r/climate for query: eco grief
2025-05-06 18:05:46,211 - __main__ - INFO - Scraping r/ClimateActionPlan for query: eco grief
2025-05-06 18:05:49,226 - __main__ - INFO - Scraping r/environment for query: eco grief
2025-05-06 18:05:51,858 - __main__ - INFO - Scraping r/science for query: eco grief
2025-05-06 18:05:55,309 - __main__ - INFO - Scraping r/worldnews for query: eco grief
2025-05-06 18:06:00,031 - __main__ - INFO - Scraping r/news for query: eco grief
2025-05-06 18:06:02,545 - __main__ - INFO - Scraping r/collapse for query: eco grief
2025-05-06 18:06:05,794 - __main__ - INFO - Scraping r/sustainability for query: eco grief
2025-05-06 18:06:09,924 - __main__ - INFO - Scraping r/renewable for query: eco grief
2025-05-06 18:06:13,414 - __main__ - INFO - Saved 0 posts and 0 comments
2025-05-06 18:06:13,414 - __main__ - INFO - Scraping for category 'emotional' and query 'our planet is dying'
2025-05-06 18:06:13,414 - __main__ - INFO - Connected to Reddit API
2025-05-06 18:06:13,415 - __main__ - INFO - Scraping r/climatechange for query: our planet is dying
2025-05-06 18:06:16,533 - __main__ - INFO - Scraping r/climate for query: our planet is dying
2025-05-06 18:06:21,307 - __main__ - INFO - Scraping r/ClimateActionPlan for query: our planet is dying
2025-05-06 18:06:23,860 - __main__ - INFO - Scraping r/environment for query: our planet is dying
2025-05-06 18:06:27,082 - __main__ - INFO - Scraping r/science for query: our planet is dying
2025-05-06 18:06:31,252 - __main__ - INFO - Scraping r/worldnews for query: our planet is dying
2025-05-06 18:06:33,698 - __main__ - INFO - Scraping r/news for query: our planet is dying
2025-05-06 18:06:36,692 - __main__ - INFO - Scraping r/collapse for query: our planet is dying
2025-05-06 18:06:40,779 - __main__ - INFO - Scraping r/sustainability for query: our planet is dying
2025-05-06 18:06:43,378 - __main__ - INFO - Scraping r/renewable for query: our planet is dying
2025-05-06 18:06:48,350 - __main__ - INFO - Saved 1 posts and 5 comments
2025-05-06 18:06:48,351 - __main__ - INFO - Scraping for category 'emotional' and query 'climate justice'
2025-05-06 18:06:48,351 - __main__ - INFO - Connected to Reddit API
2025-05-06 18:06:48,352 - __main__ - INFO - Scraping r/climatechange for query: climate justice
2025-05-06 18:06:50,955 - __main__ - INFO - Scraping r/climate for query: climate justice
2025-05-06 18:06:54,522 - __main__ - INFO - Scraping r/ClimateActionPlan for query: climate justice
2025-05-06 18:06:59,556 - __main__ - INFO - Scraping r/environment for query: climate justice
2025-05-06 18:07:04,206 - __main__ - INFO - Scraping r/science for query: climate justice
2025-05-06 18:07:06,494 - __main__ - INFO - Scraping r/worldnews for query: climate justice
2025-05-06 18:07:08,933 - __main__ - INFO - Scraping r/news for query: climate justice
2025-05-06 18:07:13,881 - __main__ - INFO - Scraping r/collapse for query: climate justice
2025-05-06 18:07:17,889 - __main__ - INFO - Scraping r/sustainability for query: climate justice
2025-05-06 18:07:22,422 - __main__ - INFO - Scraping r/renewable for query: climate justice
2025-05-06 18:07:25,165 - __main__ - INFO - Saved 0 posts and 0 comments
2025-05-06 18:07:25,165 - __main__ - INFO - Scraping for category 'emotional' and query 'climate crisis'
2025-05-06 18:07:25,165 - __main__ - INFO - Connected to Reddit API
2025-05-06 18:07:25,165 - __main__ - INFO - Scraping r/climatechange for query: climate crisis
2025-05-06 18:07:30,468 - __main__ - INFO - Scraping r/climate for query: climate crisis
2025-05-06 18:07:35,200 - __main__ - INFO - Scraping r/ClimateActionPlan for query: climate crisis
2025-05-06 18:07:39,659 - __main__ - INFO - Scraping r/environment for query: climate crisis
2025-05-06 18:07:42,596 - __main__ - INFO - Scraping r/science for query: climate crisis
2025-05-06 18:07:45,518 - __main__ - INFO - Scraping r/worldnews for query: climate crisis
2025-05-06 18:07:50,626 - __main__ - INFO - Scraping r/news for query: climate crisis
2025-05-06 18:07:55,069 - __main__ - INFO - Scraping r/collapse for query: climate crisis
2025-05-06 18:08:06,274 - __main__ - INFO - Scraping r/sustainability for query: climate crisis
2025-05-06 18:08:10,156 - __main__ - INFO - Scraping r/renewable for query: climate crisis
2025-05-06 18:08:14,653 - __main__ - INFO - Saved 6 posts and 75 comments
2025-05-06 18:08:14,653 - __main__ - INFO - Scraping for category 'action_oriented' and query 'climate protest'
2025-05-06 18:08:14,654 - __main__ - INFO - Connected to Reddit API
2025-05-06 18:08:14,654 - __main__ - INFO - Scraping r/climatechange for query: climate protest
2025-05-06 18:08:18,914 - __main__ - INFO - Scraping r/climate for query: climate protest
2025-05-06 18:08:23,202 - __main__ - INFO - Scraping r/ClimateActionPlan for query: climate protest
2025-05-06 18:08:25,417 - __main__ - INFO - Scraping r/environment for query: climate protest
2025-05-06 18:08:29,708 - __main__ - INFO - Scraping r/science for query: climate protest
2025-05-06 18:08:33,016 - __main__ - INFO - Scraping r/worldnews for query: climate protest
2025-05-06 18:08:38,001 - __main__ - INFO - Scraping r/news for query: climate protest
2025-05-06 18:08:40,476 - __main__ - INFO - Scraping r/collapse for query: climate protest
2025-05-06 18:08:44,913 - __main__ - INFO - Scraping r/sustainability for query: climate protest
2025-05-06 18:08:49,422 - __main__ - INFO - Scraping r/renewable for query: climate protest
2025-05-06 18:08:52,964 - __main__ - INFO - Saved 1 posts and 5 comments
2025-05-06 18:08:52,964 - __main__ - INFO - Scraping for category 'action_oriented' and query 'climate strike'
2025-05-06 18:08:52,965 - __main__ - INFO - Connected to Reddit API
2025-05-06 18:08:52,965 - __main__ - INFO - Scraping r/climatechange for query: climate strike
2025-05-06 18:08:57,902 - __main__ - INFO - Scraping r/climate for query: climate strike
2025-05-06 18:09:01,797 - __main__ - INFO - Scraping r/ClimateActionPlan for query: climate strike
2025-05-06 18:09:06,205 - __main__ - INFO - Scraping r/environment for query: climate strike
2025-05-06 18:09:10,103 - __main__ - INFO - Scraping r/science for query: climate strike
2025-05-06 18:09:14,072 - __main__ - INFO - Scraping r/worldnews for query: climate strike
2025-05-06 18:09:17,855 - __main__ - INFO - Scraping r/news for query: climate strike
2025-05-06 18:09:22,438 - __main__ - INFO - Scraping r/collapse for query: climate strike
2025-05-06 18:09:28,560 - __main__ - INFO - Scraping r/sustainability for query: climate strike
2025-05-06 18:09:33,748 - __main__ - INFO - Scraping r/renewable for query: climate strike
2025-05-06 18:09:36,644 - __main__ - INFO - Saved 1 posts and 5 comments
2025-05-06 18:09:36,644 - __main__ - INFO - Scraping for category 'action_oriented' and query 'Fridays for Future'
2025-05-06 18:09:36,645 - __main__ - INFO - Connected to Reddit API
2025-05-06 18:09:36,645 - __main__ - INFO - Scraping r/climatechange for query: Fridays for Future
2025-05-06 18:09:40,248 - __main__ - INFO - Scraping r/climate for query: Fridays for Future
2025-05-06 18:09:43,003 - __main__ - INFO - Scraping r/ClimateActionPlan for query: Fridays for Future
2025-05-06 18:09:46,997 - __main__ - INFO - Scraping r/environment for query: Fridays for Future
2025-05-06 18:09:50,518 - __main__ - INFO - Scraping r/science for query: Fridays for Future
2025-05-06 18:09:53,721 - __main__ - INFO - Scraping r/worldnews for query: Fridays for Future
2025-05-06 18:09:56,125 - __main__ - INFO - Scraping r/news for query: Fridays for Future
2025-05-06 18:09:59,347 - __main__ - INFO - Scraping r/collapse for query: Fridays for Future
2025-05-06 18:10:05,084 - __main__ - INFO - Scraping r/sustainability for query: Fridays for Future
2025-05-06 18:10:07,849 - __main__ - INFO - Scraping r/renewable for query: Fridays for Future
2025-05-06 18:10:10,797 - __main__ - INFO - Saved 1 posts and 5 comments
2025-05-06 18:10:10,797 - __main__ - INFO - Scraping for category 'action_oriented' and query 'renewables now'
2025-05-06 18:10:10,798 - __main__ - INFO - Connected to Reddit API
2025-05-06 18:10:10,798 - __main__ - INFO - Scraping r/climatechange for query: renewables now
2025-05-06 18:10:17,281 - __main__ - INFO - Scraping r/climate for query: renewables now
2025-05-06 18:10:20,093 - __main__ - INFO - Scraping r/ClimateActionPlan for query: renewables now
2025-05-06 18:10:25,123 - __main__ - INFO - Scraping r/environment for query: renewables now
2025-05-06 18:10:29,570 - __main__ - INFO - Scraping r/science for query: renewables now
2025-05-06 18:10:32,681 - __main__ - INFO - Scraping r/worldnews for query: renewables now
2025-05-06 18:10:36,297 - __main__ - INFO - Scraping r/news for query: renewables now
2025-05-06 18:10:39,944 - __main__ - INFO - Scraping r/collapse for query: renewables now
2025-05-06 18:10:45,016 - __main__ - INFO - Scraping r/sustainability for query: renewables now
2025-05-06 18:10:49,293 - __main__ - INFO - Scraping r/renewable for query: renewables now
2025-05-06 18:10:51,880 - __main__ - INFO - Saved 1 posts and 7 comments
2025-05-06 18:10:51,880 - __main__ - INFO - Scraping for category 'action_oriented' and query 'green energy transition'
2025-05-06 18:10:51,880 - __main__ - INFO - Connected to Reddit API
2025-05-06 18:10:51,880 - __main__ - INFO - Scraping r/climatechange for query: green energy transition
2025-05-06 18:10:56,913 - __main__ - INFO - Scraping r/climate for query: green energy transition
2025-05-06 18:11:00,092 - __main__ - INFO - Scraping r/ClimateActionPlan for query: green energy transition
2025-05-06 18:11:02,730 - __main__ - INFO - Scraping r/environment for query: green energy transition
2025-05-06 18:11:05,720 - __main__ - INFO - Scraping r/science for query: green energy transition
2025-05-06 18:11:08,070 - __main__ - INFO - Scraping r/worldnews for query: green energy transition
2025-05-06 18:11:10,733 - __main__ - INFO - Scraping r/news for query: green energy transition
2025-05-06 18:11:13,465 - __main__ - INFO - Scraping r/collapse for query: green energy transition
2025-05-06 18:11:20,771 - __main__ - INFO - Scraping r/sustainability for query: green energy transition
2025-05-06 18:11:25,416 - __main__ - INFO - Scraping r/renewable for query: green energy transition
2025-05-06 18:11:29,277 - __main__ - INFO - Saved 3 posts and 27 comments
2025-05-06 18:11:29,277 - __main__ - INFO - Scraping for category 'action_oriented' and query 'climate legislation'
2025-05-06 18:11:29,278 - __main__ - INFO - Connected to Reddit API
2025-05-06 18:11:29,278 - __main__ - INFO - Scraping r/climatechange for query: climate legislation
2025-05-06 18:11:36,505 - __main__ - INFO - Scraping r/climate for query: climate legislation
2025-05-06 18:11:38,892 - __main__ - INFO - Scraping r/ClimateActionPlan for query: climate legislation
2025-05-06 18:11:41,728 - __main__ - INFO - Scraping r/environment for query: climate legislation
2025-05-06 18:11:45,780 - __main__ - INFO - Scraping r/science for query: climate legislation
2025-05-06 18:11:49,423 - __main__ - INFO - Scraping r/worldnews for query: climate legislation
2025-05-06 18:11:53,813 - __main__ - INFO - Scraping r/news for query: climate legislation
2025-05-06 18:11:56,648 - __main__ - INFO - Scraping r/collapse for query: climate legislation
2025-05-06 18:11:59,023 - __main__ - INFO - Scraping r/sustainability for query: climate legislation
2025-05-06 18:12:01,989 - __main__ - INFO - Scraping r/renewable for query: climate legislation
2025-05-06 18:12:04,713 - __main__ - INFO - Saved 1 posts and 9 comments
2025-05-06 18:12:04,713 - __main__ - INFO - Scraping for category 'skeptical' and query 'climate hoax'
2025-05-06 18:12:04,714 - __main__ - INFO - Connected to Reddit API
2025-05-06 18:12:04,715 - __main__ - INFO - Scraping r/climatechange for query: climate hoax
2025-05-06 18:12:07,449 - __main__ - INFO - Scraping r/climate for query: climate hoax
2025-05-06 18:12:12,430 - __main__ - INFO - Scraping r/ClimateActionPlan for query: climate hoax
2025-05-06 18:12:16,893 - __main__ - INFO - Scraping r/environment for query: climate hoax
2025-05-06 18:12:21,374 - __main__ - INFO - Scraping r/science for query: climate hoax
2025-05-06 18:12:25,661 - __main__ - INFO - Scraping r/worldnews for query: climate hoax
2025-05-06 18:12:28,187 - __main__ - INFO - Scraping r/news for query: climate hoax
2025-05-06 18:12:32,095 - __main__ - INFO - Scraping r/collapse for query: climate hoax
2025-05-06 18:12:36,120 - __main__ - INFO - Scraping r/sustainability for query: climate hoax
2025-05-06 18:12:41,588 - __main__ - INFO - Scraping r/renewable for query: climate hoax
2025-05-06 18:12:44,518 - __main__ - INFO - Saved 1 posts and 5 comments
2025-05-06 18:12:44,519 - __main__ - INFO - Scraping for category 'skeptical' and query 'global warming myth'
2025-05-06 18:12:44,519 - __main__ - INFO - Connected to Reddit API
2025-05-06 18:12:44,520 - __main__ - INFO - Scraping r/climatechange for query: global warming myth
2025-05-06 18:12:54,118 - __main__ - INFO - Scraping r/climate for query: global warming myth
2025-05-06 18:12:59,403 - __main__ - INFO - Scraping r/ClimateActionPlan for query: global warming myth
2025-05-06 18:13:03,497 - __main__ - INFO - Scraping r/environment for query: global warming myth
2025-05-06 18:13:06,018 - __main__ - INFO - Scraping r/science for query: global warming myth
2025-05-06 18:13:10,934 - __main__ - INFO - Scraping r/worldnews for query: global warming myth
2025-05-06 18:13:13,837 - __main__ - INFO - Scraping r/news for query: global warming myth
2025-05-06 18:13:18,099 - __main__ - INFO - Scraping r/collapse for query: global warming myth
2025-05-06 18:13:28,722 - __main__ - INFO - Scraping r/sustainability for query: global warming myth
2025-05-06 18:13:31,731 - __main__ - INFO - Scraping r/renewable for query: global warming myth
2025-05-06 18:13:36,219 - __main__ - INFO - Saved 6 posts and 68 comments
2025-05-06 18:13:36,220 - __main__ - INFO - Scraping for category 'skeptical' and query 'CO2 is good'
2025-05-06 18:13:36,220 - __main__ - INFO - Connected to Reddit API
2025-05-06 18:13:36,221 - __main__ - INFO - Scraping r/climatechange for query: CO2 is good
2025-05-06 18:13:41,364 - __main__ - INFO - Scraping r/climate for query: CO2 is good
2025-05-06 18:13:43,746 - __main__ - INFO - Scraping r/ClimateActionPlan for query: CO2 is good
2025-05-06 18:13:49,219 - __main__ - INFO - Scraping r/environment for query: CO2 is good
2025-05-06 18:13:53,860 - __main__ - INFO - Scraping r/science for query: CO2 is good
2025-05-06 18:13:58,891 - __main__ - INFO - Scraping r/worldnews for query: CO2 is good
2025-05-06 18:14:01,792 - __main__ - INFO - Scraping r/news for query: CO2 is good
2025-05-06 18:14:04,364 - __main__ - INFO - Scraping r/collapse for query: CO2 is good
2025-05-06 18:14:07,054 - __main__ - INFO - Scraping r/sustainability for query: CO2 is good
2025-05-06 18:14:10,194 - __main__ - INFO - Scraping r/renewable for query: CO2 is good
2025-05-06 18:14:15,050 - __main__ - INFO - Saved 1 posts and 4 comments
2025-05-06 18:14:15,050 - __main__ - INFO - Scraping for category 'skeptical' and query 'climate alarmism'
2025-05-06 18:14:15,051 - __main__ - INFO - Connected to Reddit API
2025-05-06 18:14:15,052 - __main__ - INFO - Scraping r/climatechange for query: climate alarmism
2025-05-06 18:14:17,890 - __main__ - INFO - Scraping r/climate for query: climate alarmism
2025-05-06 18:14:20,694 - __main__ - INFO - Scraping r/ClimateActionPlan for query: climate alarmism
2025-05-06 18:14:22,986 - __main__ - INFO - Scraping r/environment for query: climate alarmism
2025-05-06 18:14:26,026 - __main__ - INFO - Scraping r/science for query: climate alarmism
2025-05-06 18:14:30,439 - __main__ - INFO - Scraping r/worldnews for query: climate alarmism
2025-05-06 18:14:33,034 - __main__ - INFO - Scraping r/news for query: climate alarmism
2025-05-06 18:14:35,371 - __main__ - INFO - Scraping r/collapse for query: climate alarmism
2025-05-06 18:14:38,727 - __main__ - INFO - Scraping r/sustainability for query: climate alarmism
2025-05-06 18:14:42,584 - __main__ - INFO - Scraping r/renewable for query: climate alarmism
2025-05-06 18:14:48,432 - __main__ - INFO - Saved 0 posts and 0 comments
2025-05-06 18:14:48,432 - __main__ - INFO - Scraping for category 'skeptical' and query 'fossil fuels aren't bad'
2025-05-06 18:14:48,435 - __main__ - INFO - Connected to Reddit API
2025-05-06 18:14:48,436 - __main__ - INFO - Scraping r/climatechange for query: fossil fuels aren't bad
2025-05-06 18:14:53,723 - __main__ - INFO - Scraping r/climate for query: fossil fuels aren't bad
2025-05-06 18:14:58,170 - __main__ - INFO - Scraping r/ClimateActionPlan for query: fossil fuels aren't bad
2025-05-06 18:15:01,206 - __main__ - INFO - Scraping r/environment for query: fossil fuels aren't bad
2025-05-06 18:15:04,605 - __main__ - INFO - Scraping r/science for query: fossil fuels aren't bad
2025-05-06 18:15:08,597 - __main__ - INFO - Scraping r/worldnews for query: fossil fuels aren't bad
2025-05-06 18:15:11,712 - __main__ - INFO - Scraping r/news for query: fossil fuels aren't bad
2025-05-06 18:15:14,261 - __main__ - INFO - Scraping r/collapse for query: fossil fuels aren't bad
2025-05-06 18:15:18,971 - __main__ - INFO - Scraping r/sustainability for query: fossil fuels aren't bad
2025-05-06 18:15:21,280 - __main__ - INFO - Scraping r/renewable for query: fossil fuels aren't bad
2025-05-06 18:15:26,353 - __main__ - INFO - Saved 0 posts and 0 comments
2025-05-06 18:15:26,353 - __main__ - INFO - Scraping for category 'solutions' and query 'zero waste'
2025-05-06 18:15:26,353 - __main__ - INFO - Connected to Reddit API
2025-05-06 18:15:26,353 - __main__ - INFO - Scraping r/climatechange for query: zero waste
2025-05-06 18:15:29,041 - __main__ - INFO - Scraping r/climate for query: zero waste
2025-05-06 18:15:32,437 - __main__ - INFO - Scraping r/ClimateActionPlan for query: zero waste
2025-05-06 18:15:35,091 - __main__ - INFO - Scraping r/environment for query: zero waste
2025-05-06 18:15:38,560 - __main__ - INFO - Scraping r/science for query: zero waste
2025-05-06 18:15:42,084 - __main__ - INFO - Scraping r/worldnews for query: zero waste
2025-05-06 18:15:45,979 - __main__ - INFO - Scraping r/news for query: zero waste
2025-05-06 18:15:48,483 - __main__ - INFO - Scraping r/collapse for query: zero waste
2025-05-06 18:15:52,933 - __main__ - INFO - Scraping r/sustainability for query: zero waste
2025-05-06 18:15:55,536 - __main__ - INFO - Scraping r/renewable for query: zero waste
2025-05-06 18:15:59,126 - __main__ - INFO - Saved 0 posts and 0 comments
2025-05-06 18:15:59,126 - __main__ - INFO - Scraping for category 'solutions' and query 'carbon footprint'
2025-05-06 18:15:59,127 - __main__ - INFO - Connected to Reddit API
2025-05-06 18:15:59,127 - __main__ - INFO - Scraping r/climatechange for query: carbon footprint
2025-05-06 18:16:04,542 - __main__ - INFO - Scraping r/climate for query: carbon footprint
2025-05-06 18:16:07,373 - __main__ - INFO - Scraping r/ClimateActionPlan for query: carbon footprint
2025-05-06 18:16:11,606 - __main__ - INFO - Scraping r/environment for query: carbon footprint
2025-05-06 18:16:14,062 - __main__ - INFO - Scraping r/science for query: carbon footprint
2025-05-06 18:16:16,412 - __main__ - INFO - Scraping r/worldnews for query: carbon footprint
2025-05-06 18:16:19,247 - __main__ - INFO - Scraping r/news for query: carbon footprint
2025-05-06 18:16:22,157 - __main__ - INFO - Scraping r/collapse for query: carbon footprint
2025-05-06 18:16:26,614 - __main__ - INFO - Scraping r/sustainability for query: carbon footprint
2025-05-06 18:16:30,227 - __main__ - INFO - Scraping r/renewable for query: carbon footprint
2025-05-06 18:16:33,148 - __main__ - INFO - Saved 1 posts and 1 comments
2025-05-06 18:16:33,148 - __main__ - INFO - Scraping for category 'solutions' and query 'how to go green'
2025-05-06 18:16:33,149 - __main__ - INFO - Connected to Reddit API
2025-05-06 18:16:33,152 - __main__ - INFO - Scraping r/climatechange for query: how to go green
2025-05-06 18:16:36,490 - __main__ - INFO - Scraping r/climate for query: how to go green
2025-05-06 18:16:41,682 - __main__ - INFO - Scraping r/ClimateActionPlan for query: how to go green
2025-05-06 18:16:47,897 - __main__ - INFO - Scraping r/environment for query: how to go green
2025-05-06 18:16:53,025 - __main__ - INFO - Scraping r/science for query: how to go green
2025-05-06 18:16:57,618 - __main__ - INFO - Scraping r/worldnews for query: how to go green
2025-05-06 18:17:00,104 - __main__ - INFO - Scraping r/news for query: how to go green
2025-05-06 18:17:04,783 - __main__ - INFO - Scraping r/collapse for query: how to go green
2025-05-06 18:17:10,048 - __main__ - INFO - Scraping r/sustainability for query: how to go green
2025-05-06 18:17:14,795 - __main__ - INFO - Scraping r/renewable for query: how to go green
2025-05-06 18:17:18,011 - __main__ - INFO - Saved 1 posts and 5 comments
2025-05-06 18:17:18,011 - __main__ - INFO - Scraping for category 'solutions' and query 'climate-friendly diet'
2025-05-06 18:17:18,012 - __main__ - INFO - Connected to Reddit API
2025-05-06 18:17:18,013 - __main__ - INFO - Scraping r/climatechange for query: climate-friendly diet
2025-05-06 18:17:23,415 - __main__ - INFO - Scraping r/climate for query: climate-friendly diet
2025-05-06 18:17:27,727 - __main__ - INFO - Scraping r/ClimateActionPlan for query: climate-friendly diet
2025-05-06 18:17:30,431 - __main__ - INFO - Scraping r/environment for query: climate-friendly diet
2025-05-06 18:17:35,466 - __main__ - INFO - Scraping r/science for query: climate-friendly diet
2025-05-06 18:17:37,835 - __main__ - INFO - Scraping r/worldnews for query: climate-friendly diet
2025-05-06 18:17:41,254 - __main__ - INFO - Scraping r/news for query: climate-friendly diet
2025-05-06 18:17:46,213 - __main__ - INFO - Scraping r/collapse for query: climate-friendly diet
2025-05-06 18:17:48,464 - __main__ - INFO - Scraping r/sustainability for query: climate-friendly diet
2025-05-06 18:17:52,034 - __main__ - INFO - Scraping r/renewable for query: climate-friendly diet
2025-05-06 18:17:56,960 - __main__ - INFO - Saved 0 posts and 0 comments
2025-05-06 18:17:56,960 - __main__ - INFO - Scraping for category 'solutions' and query 'eco friendly habits'
2025-05-06 18:17:56,961 - __main__ - INFO - Connected to Reddit API
2025-05-06 18:17:56,961 - __main__ - INFO - Scraping r/climatechange for query: eco friendly habits
2025-05-06 18:18:01,303 - __main__ - INFO - Scraping r/climate for query: eco friendly habits
2025-05-06 18:18:04,698 - __main__ - INFO - Scraping r/ClimateActionPlan for query: eco friendly habits
2025-05-06 18:18:09,396 - __main__ - INFO - Scraping r/environment for query: eco friendly habits
2025-05-06 18:18:13,982 - __main__ - INFO - Scraping r/science for query: eco friendly habits
2025-05-06 18:18:19,116 - __main__ - INFO - Scraping r/worldnews for query: eco friendly habits
2025-05-06 18:18:22,533 - __main__ - INFO - Scraping r/news for query: eco friendly habits
2025-05-06 18:18:25,478 - __main__ - INFO - Scraping r/collapse for query: eco friendly habits
2025-05-06 18:18:29,036 - __main__ - INFO - Scraping r/sustainability for query: eco friendly habits
2025-05-06 18:18:33,027 - __main__ - INFO - Scraping r/renewable for query: eco friendly habits
2025-05-06 18:18:37,008 - __main__ - INFO - Saved 1 posts and 6 comments
